[2025-10-26T13:31:26.393Z] [INFO] Initializing database service...
[2025-10-26T13:31:26.394Z] [INFO] Database service initialized (json)
[2025-10-26T13:31:26.394Z] [INFO] Initializing database service...
[2025-10-26T13:31:26.395Z] [INFO] Database service initialized (json)
[2025-10-26T13:31:26.395Z] [INFO] Initializing event service...
[2025-10-26T13:31:26.397Z] [INFO] Initializing event service...
[2025-10-26T13:31:26.404Z] [INFO] Event service initialized with 6 events
[2025-10-26T13:31:26.405Z] [INFO] Event service initialized with 6 events
[2025-10-26T13:31:26.407Z] [INFO] Initializing command service...
[2025-10-26T13:31:26.412Z] [INFO] Initializing command service...
[2025-10-26T13:31:26.448Z] [INFO] Command service initialized with 30 commands
[2025-10-26T13:31:26.448Z] [INFO] Command service initialized with 30 commands
[2025-10-26T13:31:26.449Z] [INFO] Initializing plugin service...
[2025-10-26T13:31:26.450Z] [WARN] Plugins directory not found: D:\Alphabot\config\plugins
[2025-10-26T13:31:26.450Z] [INFO] Plugin service initialized (0/0 enabled)
[2025-10-26T13:31:26.450Z] [INFO] Initializing plugin service...
[2025-10-26T13:31:26.451Z] [WARN] Plugins directory not found: D:\Alphabot\config\plugins
[2025-10-26T13:31:26.451Z] [INFO] Plugin service initialized (0/0 enabled)
[2025-10-26T13:33:57.061Z] [INFO] Initializing database service...
[2025-10-26T13:33:57.061Z] [INFO] Database service initialized (json)
[2025-10-26T13:33:57.062Z] [INFO] Initializing database service...
[2025-10-26T13:33:57.062Z] [INFO] Database service initialized (json)
[2025-10-26T13:33:57.063Z] [INFO] Initializing event service...
[2025-10-26T13:33:57.064Z] [INFO] Initializing event service...
[2025-10-26T13:33:57.066Z] [INFO] Event service initialized with 6 events
[2025-10-26T13:33:57.067Z] [INFO] Event service initialized with 6 events
[2025-10-26T13:33:57.067Z] [INFO] Initializing command service...
[2025-10-26T13:33:57.069Z] [INFO] Initializing command service...
[2025-10-26T13:33:57.092Z] [INFO] Command service initialized with 30 commands
[2025-10-26T13:33:57.093Z] [INFO] Command service initialized with 30 commands
[2025-10-26T13:33:57.093Z] [INFO] Initializing plugin service...
[2025-10-26T13:33:57.094Z] [WARN] Plugins directory not found: D:\Alphabot\config\plugins
[2025-10-26T13:33:57.094Z] [INFO] Plugin service initialized (0/0 enabled)
[2025-10-26T13:33:57.094Z] [INFO] Initializing plugin service...
[2025-10-26T13:33:57.095Z] [WARN] Plugins directory not found: D:\Alphabot\config\plugins
[2025-10-26T13:33:57.095Z] [INFO] Plugin service initialized (0/0 enabled)
[2025-10-26T13:36:20.734Z] [INFO] Logger service shutting down
[2025-10-26T13:36:22.891Z] [INFO] Initializing database service...
[2025-10-26T13:36:22.891Z] [INFO] Database service initialized (json)
[2025-10-26T13:36:22.891Z] [INFO] Initializing database service...
[2025-10-26T13:36:22.892Z] [INFO] Database service initialized (json)
[2025-10-26T13:36:22.892Z] [INFO] Initializing event service...
[2025-10-26T13:36:22.893Z] [INFO] Initializing event service...
[2025-10-26T13:36:22.898Z] [INFO] Event service initialized with 6 events
[2025-10-26T13:36:22.898Z] [INFO] Event service initialized with 6 events
[2025-10-26T13:36:22.899Z] [INFO] Initializing command service...
[2025-10-26T13:36:22.900Z] [INFO] Initializing command service...
[2025-10-26T13:36:22.920Z] [INFO] Command service initialized with 30 commands
[2025-10-26T13:36:22.921Z] [INFO] Command service initialized with 30 commands
[2025-10-26T13:36:22.921Z] [INFO] Initializing plugin service...
[2025-10-26T13:36:22.922Z] [WARN] Plugins directory not found: D:\Alphabot\config\plugins
[2025-10-26T13:36:22.922Z] [INFO] Plugin service initialized (0/0 enabled)
[2025-10-26T13:36:22.922Z] [INFO] Initializing plugin service...
[2025-10-26T13:36:22.922Z] [WARN] Plugins directory not found: D:\Alphabot\config\plugins
[2025-10-26T13:36:22.922Z] [INFO] Plugin service initialized (0/0 enabled)
[2025-10-26T13:36:42.832Z] [INFO] Logger service shutting down
[2025-10-26T13:36:49.036Z] [INFO] Initializing database service...
[2025-10-26T13:36:49.036Z] [INFO] Database service initialized (json)
[2025-10-26T13:36:49.037Z] [INFO] Initializing database service...
[2025-10-26T13:36:49.037Z] [INFO] Database service initialized (json)
[2025-10-26T13:36:49.038Z] [INFO] Initializing event service...
[2025-10-26T13:36:49.039Z] [INFO] Initializing event service...
[2025-10-26T13:36:49.043Z] [INFO] Event service initialized with 6 events
[2025-10-26T13:36:49.043Z] [INFO] Event service initialized with 6 events
[2025-10-26T13:36:49.044Z] [INFO] Initializing command service...
[2025-10-26T13:36:49.046Z] [INFO] Initializing command service...
[2025-10-26T13:36:49.066Z] [INFO] Command service initialized with 30 commands
[2025-10-26T13:36:49.066Z] [INFO] Command service initialized with 30 commands
[2025-10-26T13:36:49.067Z] [INFO] Initializing plugin service...
[2025-10-26T13:36:49.067Z] [WARN] Plugins directory not found: D:\Alphabot\config\plugins
[2025-10-26T13:36:49.067Z] [INFO] Plugin service initialized (0/0 enabled)
[2025-10-26T13:36:49.068Z] [INFO] Initializing plugin service...
[2025-10-26T13:36:49.068Z] [WARN] Plugins directory not found: D:\Alphabot\config\plugins
[2025-10-26T13:36:49.068Z] [INFO] Plugin service initialized (0/0 enabled)
[2025-10-26T13:39:10.027Z] [INFO] Logger service shutting down
[2025-10-26T13:39:12.228Z] [INFO] Initializing database service...
[2025-10-26T13:39:12.228Z] [INFO] Database service initialized (json)
[2025-10-26T13:39:12.229Z] [INFO] Initializing database service...
[2025-10-26T13:39:12.229Z] [INFO] Database service initialized (json)
[2025-10-26T13:39:12.229Z] [INFO] Initializing event service...
[2025-10-26T13:39:12.230Z] [INFO] Initializing event service...
[2025-10-26T13:39:12.235Z] [INFO] Event service initialized with 6 events
[2025-10-26T13:39:12.236Z] [INFO] Event service initialized with 6 events
[2025-10-26T13:39:12.236Z] [INFO] Initializing command service...
[2025-10-26T13:39:12.238Z] [INFO] Initializing command service...
[2025-10-26T13:39:12.258Z] [INFO] Command service initialized with 30 commands
[2025-10-26T13:39:12.258Z] [INFO] Command service initialized with 30 commands
[2025-10-26T13:39:12.259Z] [INFO] Initializing plugin service...
[2025-10-26T13:39:12.259Z] [WARN] Plugins directory not found: D:\Alphabot\config\plugins
[2025-10-26T13:39:12.259Z] [INFO] Plugin service initialized (0/0 enabled)
[2025-10-26T13:39:12.260Z] [INFO] Initializing plugin service...
[2025-10-26T13:39:12.260Z] [WARN] Plugins directory not found: D:\Alphabot\config\plugins
[2025-10-26T13:39:12.260Z] [INFO] Plugin service initialized (0/0 enabled)
[2025-10-26T13:49:10.545Z] [INFO] Logger service shutting down
[2025-10-26T13:54:35.985Z] [INFO] Initializing database service...
[2025-10-26T13:54:35.985Z] [INFO] Database service initialized (json)
[2025-10-26T13:54:35.985Z] [INFO] Initializing database service...
[2025-10-26T13:54:35.986Z] [INFO] Database service initialized (json)
[2025-10-26T13:54:35.986Z] [INFO] Initializing event service...
[2025-10-26T13:54:35.987Z] [INFO] Initializing event service...
[2025-10-26T13:54:35.990Z] [INFO] Event service initialized with 6 events
[2025-10-26T13:54:35.991Z] [INFO] Event service initialized with 6 events
[2025-10-26T13:54:35.991Z] [INFO] Initializing command service...
[2025-10-26T13:54:35.992Z] [INFO] Initializing command service...
[2025-10-26T13:54:36.020Z] [INFO] Command service initialized with 30 commands
[2025-10-26T13:54:36.020Z] [INFO] Command service initialized with 30 commands
[2025-10-26T13:54:36.021Z] [INFO] Initializing plugin service...
[2025-10-26T13:54:36.021Z] [WARN] Plugins directory not found: D:\Alphabot\config\plugins
[2025-10-26T13:54:36.022Z] [INFO] Plugin service initialized (0/0 enabled)
[2025-10-26T13:54:36.022Z] [INFO] Initializing plugin service...
[2025-10-26T13:54:36.022Z] [WARN] Plugins directory not found: D:\Alphabot\config\plugins
[2025-10-26T13:54:36.022Z] [INFO] Plugin service initialized (0/0 enabled)
[2025-10-26T13:56:40.594Z] [INFO] Initializing database service...
[2025-10-26T13:56:40.595Z] [INFO] Database service initialized (json)
[2025-10-26T13:56:40.595Z] [INFO] Initializing database service...
[2025-10-26T13:56:40.595Z] [INFO] Database service initialized (json)
[2025-10-26T13:56:40.596Z] [INFO] Initializing event service...
[2025-10-26T13:56:40.597Z] [INFO] Initializing event service...
[2025-10-26T13:56:40.601Z] [INFO] Event service initialized with 6 events
[2025-10-26T13:56:40.601Z] [INFO] Event service initialized with 6 events
[2025-10-26T13:56:40.602Z] [INFO] Initializing command service...
[2025-10-26T13:56:40.604Z] [INFO] Initializing command service...
[2025-10-26T13:56:40.623Z] [ERROR] Failed to load command gonhay.js: {"error":"Failed to load command gonhay.js: Running is not defined","stack":"CommandException: Failed to load command gonhay.js: Running is not defined\n    at CommandService.loadCommand (file:///D:/Alphabot/System/Core/services/CommandService.js:188:13)\n    at async CommandService.loadCommands (file:///D:/Alphabot/System/Core/services/CommandService.js:90:13)\n    at async CommandService.initialize (file:///D:/Alphabot/System/Core/services/CommandService.js:60:7)"}
[2025-10-26T13:56:40.624Z] [ERROR] Failed to load command gonhay.js: {"error":"Failed to load command gonhay.js: Running is not defined","stack":"CommandException: Failed to load command gonhay.js: Running is not defined\n    at CommandService.loadCommand (file:///D:/Alphabot/System/Core/services/CommandService.js:188:13)\n    at async CommandService.loadCommands (file:///D:/Alphabot/System/Core/services/CommandService.js:90:13)\n    at async CommandService.initialize (file:///D:/Alphabot/System/Core/services/CommandService.js:60:7)\n    at async CoreManager.initializeCoreServices (file:///D:/Alphabot/System/Core/core-manager.js:109:7)\n    at async CoreManager.initialize (file:///D:/Alphabot/System/Core/core-manager.js:51:5)\n    at async start (file:///D:/Alphabot/System/Gbot.js:177:19)"}
[2025-10-26T13:56:40.627Z] [INFO] Command service initialized with 29 commands
[2025-10-26T13:56:40.627Z] [INFO] Command service initialized with 29 commands
[2025-10-26T13:56:40.627Z] [INFO] Initializing plugin service...
[2025-10-26T13:56:40.628Z] [WARN] Plugins directory not found: D:\Alphabot\config\plugins
[2025-10-26T13:56:40.628Z] [INFO] Plugin service initialized (0/0 enabled)
[2025-10-26T13:56:40.629Z] [INFO] Initializing plugin service...
[2025-10-26T13:56:40.629Z] [WARN] Plugins directory not found: D:\Alphabot\config\plugins
[2025-10-26T13:56:40.630Z] [INFO] Plugin service initialized (0/0 enabled)
[2025-10-26T14:06:46.051Z] [INFO] Initializing database service...
[2025-10-26T14:06:46.052Z] [INFO] Database service initialized (json)
[2025-10-26T14:06:46.052Z] [INFO] Initializing database service...
[2025-10-26T14:06:46.053Z] [INFO] Database service initialized (json)
[2025-10-26T14:06:46.053Z] [INFO] Initializing event service...
[2025-10-26T14:06:46.055Z] [INFO] Initializing event service...
[2025-10-26T14:06:46.061Z] [INFO] Event service initialized with 6 events
[2025-10-26T14:06:46.061Z] [INFO] Event service initialized with 6 events
[2025-10-26T14:06:46.062Z] [INFO] Initializing command service...
[2025-10-26T14:06:46.063Z] [INFO] Initializing command service...
[2025-10-26T14:06:46.083Z] [INFO] Command service initialized with 30 commands
[2025-10-26T14:06:46.083Z] [INFO] Command service initialized with 30 commands
[2025-10-26T14:06:46.084Z] [INFO] Initializing plugin service...
[2025-10-26T14:06:46.084Z] [WARN] Plugins directory not found: D:\Alphabot\config\plugins
[2025-10-26T14:06:46.085Z] [INFO] Plugin service initialized (0/0 enabled)
[2025-10-26T14:06:46.085Z] [INFO] Initializing plugin service...
[2025-10-26T14:06:46.085Z] [WARN] Plugins directory not found: D:\Alphabot\config\plugins
[2025-10-26T14:06:46.086Z] [INFO] Plugin service initialized (0/0 enabled)
[2025-10-26T14:10:18.153Z] [INFO] Logger service shutting down
[2025-10-26T14:10:21.225Z] [INFO] Initializing database service...
[2025-10-26T14:10:21.226Z] [INFO] Database service initialized (json)
[2025-10-26T14:10:21.227Z] [INFO] Initializing database service...
[2025-10-26T14:10:21.228Z] [INFO] Database service initialized (json)
[2025-10-26T14:10:21.228Z] [INFO] Initializing event service...
[2025-10-26T14:10:21.229Z] [INFO] Initializing event service...
[2025-10-26T14:10:21.236Z] [INFO] Event service initialized with 6 events
[2025-10-26T14:10:21.237Z] [INFO] Event service initialized with 6 events
[2025-10-26T14:10:21.238Z] [INFO] Initializing command service...
[2025-10-26T14:10:21.239Z] [INFO] Initializing command service...
[2025-10-26T14:10:21.271Z] [INFO] Command service initialized with 30 commands
[2025-10-26T14:10:21.274Z] [INFO] Command service initialized with 30 commands
[2025-10-26T14:10:21.275Z] [INFO] Initializing plugin service...
[2025-10-26T14:10:21.279Z] [WARN] Plugins directory not found: D:\Alphabot\config\plugins
[2025-10-26T14:10:21.279Z] [INFO] Plugin service initialized (0/0 enabled)
[2025-10-26T14:10:21.280Z] [INFO] Initializing plugin service...
[2025-10-26T14:10:21.281Z] [WARN] Plugins directory not found: D:\Alphabot\config\plugins
[2025-10-26T14:10:21.281Z] [INFO] Plugin service initialized (0/0 enabled)
[2025-10-26T14:12:51.582Z] [INFO] Initializing database service...
[2025-10-26T14:12:51.582Z] [INFO] Database service initialized (json)
[2025-10-26T14:12:51.583Z] [INFO] Initializing database service...
[2025-10-26T14:12:51.583Z] [INFO] Database service initialized (json)
[2025-10-26T14:12:51.584Z] [INFO] Initializing event service...
[2025-10-26T14:12:51.585Z] [INFO] Initializing event service...
[2025-10-26T14:12:51.589Z] [INFO] Event service initialized with 6 events
[2025-10-26T14:12:51.590Z] [INFO] Event service initialized with 6 events
[2025-10-26T14:12:51.590Z] [INFO] Initializing command service...
[2025-10-26T14:12:51.592Z] [INFO] Initializing command service...
[2025-10-26T14:12:51.620Z] [INFO] Command service initialized with 30 commands
[2025-10-26T14:12:51.621Z] [INFO] Command service initialized with 30 commands
[2025-10-26T14:12:51.621Z] [INFO] Initializing plugin service...
[2025-10-26T14:12:51.622Z] [WARN] Plugins directory not found: D:\Alphabot\config\plugins
[2025-10-26T14:12:51.622Z] [INFO] Plugin service initialized (0/0 enabled)
[2025-10-26T14:12:51.622Z] [INFO] Initializing plugin service...
[2025-10-26T14:12:51.623Z] [WARN] Plugins directory not found: D:\Alphabot\config\plugins
[2025-10-26T14:12:51.623Z] [INFO] Plugin service initialized (0/0 enabled)
[2025-10-26T15:23:52.015Z] [INFO] Logger service shutting down
[2025-10-26T15:26:32.394Z] [INFO] Initializing database service...
[2025-10-26T15:26:32.395Z] [INFO] Database service initialized (json)
[2025-10-26T15:26:32.395Z] [INFO] Initializing database service...
[2025-10-26T15:26:32.396Z] [INFO] Database service initialized (json)
[2025-10-26T15:26:32.396Z] [INFO] Initializing event service...
[2025-10-26T15:26:32.398Z] [INFO] Initializing event service...
[2025-10-26T15:26:32.401Z] [INFO] Event service initialized with 6 events
[2025-10-26T15:26:32.402Z] [INFO] Event service initialized with 6 events
[2025-10-26T15:26:32.402Z] [INFO] Initializing command service...
[2025-10-26T15:26:32.404Z] [INFO] Initializing command service...
[2025-10-26T15:26:32.432Z] [INFO] Command service initialized with 30 commands
[2025-10-26T15:26:32.432Z] [INFO] Command service initialized with 30 commands
[2025-10-26T15:26:32.433Z] [INFO] Initializing plugin service...
[2025-10-26T15:26:32.434Z] [WARN] Plugins directory not found: D:\Alphabot\config\plugins
[2025-10-26T15:26:32.434Z] [INFO] Plugin service initialized (0/0 enabled)
[2025-10-26T15:26:32.435Z] [INFO] Initializing plugin service...
[2025-10-26T15:26:32.435Z] [WARN] Plugins directory not found: D:\Alphabot\config\plugins
[2025-10-26T15:26:32.435Z] [INFO] Plugin service initialized (0/0 enabled)
[2025-10-26T15:33:00.007Z] [INFO] Logger service shutting down
[2025-10-26T15:33:04.615Z] [INFO] Initializing database service...
[2025-10-26T15:33:04.615Z] [INFO] Database service initialized (json)
[2025-10-26T15:33:04.616Z] [INFO] Initializing database service...
[2025-10-26T15:33:04.616Z] [INFO] Database service initialized (json)
[2025-10-26T15:33:04.616Z] [INFO] Initializing event service...
[2025-10-26T15:33:04.617Z] [INFO] Initializing event service...
[2025-10-26T15:33:04.621Z] [INFO] Event service initialized with 6 events
[2025-10-26T15:33:04.621Z] [INFO] Event service initialized with 6 events
[2025-10-26T15:33:04.622Z] [INFO] Initializing command service...
[2025-10-26T15:33:04.624Z] [INFO] Initializing command service...
[2025-10-26T15:33:04.642Z] [INFO] Command service initialized with 30 commands
[2025-10-26T15:33:04.642Z] [INFO] Command service initialized with 30 commands
[2025-10-26T15:33:04.643Z] [INFO] Initializing plugin service...
[2025-10-26T15:33:04.643Z] [WARN] Plugins directory not found: D:\Alphabot\config\plugins
[2025-10-26T15:33:04.644Z] [INFO] Plugin service initialized (0/0 enabled)
[2025-10-26T15:33:04.644Z] [INFO] Initializing plugin service...
[2025-10-26T15:33:04.644Z] [WARN] Plugins directory not found: D:\Alphabot\config\plugins
[2025-10-26T15:33:04.645Z] [INFO] Plugin service initialized (0/0 enabled)
[2025-10-26T15:47:09.491Z] [INFO] Initializing database service...
[2025-10-26T15:47:09.491Z] [INFO] Database service initialized (json)
[2025-10-26T15:47:09.492Z] [INFO] Initializing database service...
[2025-10-26T15:47:09.492Z] [INFO] Database service initialized (json)
[2025-10-26T15:47:09.492Z] [INFO] Initializing event service...
[2025-10-26T15:47:09.493Z] [INFO] Initializing event service...
[2025-10-26T15:47:09.497Z] [INFO] Event service initialized with 6 events
[2025-10-26T15:47:09.497Z] [INFO] Event service initialized with 6 events
[2025-10-26T15:47:09.498Z] [INFO] Initializing command service...
[2025-10-26T15:47:09.500Z] [INFO] Initializing command service...
[2025-10-26T15:47:09.522Z] [INFO] Command service initialized with 30 commands
[2025-10-26T15:47:09.523Z] [INFO] Command service initialized with 30 commands
[2025-10-26T15:47:09.524Z] [INFO] Initializing plugin service...
[2025-10-26T15:47:09.525Z] [WARN] Plugins directory not found: D:\Alphabot\config\plugins
[2025-10-26T15:47:09.525Z] [INFO] Plugin service initialized (0/0 enabled)
[2025-10-26T15:47:09.527Z] [INFO] Initializing plugin service...
[2025-10-26T15:47:09.528Z] [WARN] Plugins directory not found: D:\Alphabot\config\plugins
[2025-10-26T15:47:09.528Z] [INFO] Plugin service initialized (0/0 enabled)
[2025-10-26T15:50:00.421Z] [INFO] Initializing database service...
[2025-10-26T15:50:00.422Z] [INFO] Database service initialized (json)
[2025-10-26T15:50:00.422Z] [INFO] Initializing database service...
[2025-10-26T15:50:00.423Z] [INFO] Database service initialized (json)
[2025-10-26T15:50:00.423Z] [INFO] Initializing event service...
[2025-10-26T15:50:00.424Z] [INFO] Initializing event service...
[2025-10-26T15:50:00.427Z] [INFO] Event service initialized with 6 events
[2025-10-26T15:50:00.427Z] [INFO] Event service initialized with 6 events
[2025-10-26T15:50:00.428Z] [INFO] Initializing command service...
[2025-10-26T15:50:00.429Z] [INFO] Initializing command service...
[2025-10-26T15:50:00.448Z] [INFO] Command service initialized with 30 commands
[2025-10-26T15:50:00.448Z] [INFO] Command service initialized with 30 commands
[2025-10-26T15:50:00.449Z] [INFO] Initializing plugin service...
[2025-10-26T15:50:00.450Z] [WARN] Plugins directory not found: D:\Alphabot\config\plugins
[2025-10-26T15:50:00.450Z] [INFO] Plugin service initialized (0/0 enabled)
[2025-10-26T15:50:00.450Z] [INFO] Initializing plugin service...
[2025-10-26T15:50:00.451Z] [WARN] Plugins directory not found: D:\Alphabot\config\plugins
[2025-10-26T15:50:00.451Z] [INFO] Plugin service initialized (0/0 enabled)
