[2025-11-01T16:13:48.111Z] [INFO] Initializing database service...
[2025-11-01T16:13:48.111Z] [INFO] Database service initialized (json)
[2025-11-01T16:13:48.111Z] [INFO] Initializing database service...
[2025-11-01T16:13:48.112Z] [INFO] Database service initialized (json)
[2025-11-01T16:13:48.112Z] [INFO] Initializing event service...
[2025-11-01T16:13:48.114Z] [INFO] Initializing event service...
[2025-11-01T16:13:48.117Z] [INFO] Event service initialized with 6 events
[2025-11-01T16:13:48.117Z] [INFO] Event service initialized with 6 events
[2025-11-01T16:13:48.118Z] [INFO] Initializing command service...
[2025-11-01T16:13:48.119Z] [INFO] Initializing command service...
[2025-11-01T16:13:48.136Z] [INFO] Command service initialized with 30 commands
[2025-11-01T16:13:48.137Z] [INFO] Command service initialized with 30 commands
[2025-11-01T16:13:48.137Z] [INFO] Initializing plugin service...
[2025-11-01T16:13:48.137Z] [WARN] Plugins directory not found: D:\Alphabot\config\plugins
[2025-11-01T16:13:48.138Z] [INFO] Plugin service initialized (0/0 enabled)
[2025-11-01T16:13:48.138Z] [INFO] Initializing plugin service...
[2025-11-01T16:13:48.138Z] [WARN] Plugins directory not found: D:\Alphabot\config\plugins
[2025-11-01T16:13:48.138Z] [INFO] Plugin service initialized (0/0 enabled)
[2025-11-01T17:01:29.916Z] [INFO] Initializing database service...
[2025-11-01T17:01:29.916Z] [INFO] Database service initialized (json)
[2025-11-01T17:01:29.917Z] [INFO] Initializing database service...
[2025-11-01T17:01:29.917Z] [INFO] Database service initialized (json)
[2025-11-01T17:01:29.917Z] [INFO] Initializing event service...
[2025-11-01T17:01:29.918Z] [INFO] Initializing event service...
[2025-11-01T17:01:29.921Z] [INFO] Event service initialized with 6 events
[2025-11-01T17:01:29.921Z] [INFO] Event service initialized with 6 events
[2025-11-01T17:01:29.922Z] [INFO] Initializing command service...
[2025-11-01T17:01:29.923Z] [INFO] Initializing command service...
[2025-11-01T17:01:29.944Z] [INFO] Command service initialized with 30 commands
[2025-11-01T17:01:29.944Z] [INFO] Command service initialized with 30 commands
[2025-11-01T17:01:29.945Z] [INFO] Initializing plugin service...
[2025-11-01T17:01:29.946Z] [WARN] Plugins directory not found: D:\Alphabot\config\plugins
[2025-11-01T17:01:29.946Z] [INFO] Plugin service initialized (0/0 enabled)
[2025-11-01T17:01:29.946Z] [INFO] Initializing plugin service...
[2025-11-01T17:01:29.946Z] [WARN] Plugins directory not found: D:\Alphabot\config\plugins
[2025-11-01T17:01:29.947Z] [INFO] Plugin service initialized (0/0 enabled)
